<?xml version="1.0" encoding="UTF-8"?>
<!-- Generated by org.testng.reporters.JUnitXMLReporter -->
<testsuite ignored="1" hostname="IN-5CG13129PF" failures="0" tests="1" name="Default test" time="12.793" errors="0" timestamp="2022-04-02T11:02:05 IST">
  <testcase classname="google.seleniumtest.TestCaseUsingXml" name="openGooglepage" time="6.837"/>
  <testcase classname="google.seleniumtest.TestCaseUsingXml" name="typelionel" time="0.0">
    <ignored/>
  </testcase> <!-- typelionel -->
</testsuite> <!-- Default test -->
