<?xml version="1.0" encoding="UTF-8"?>
<!-- Generated by org.testng.reporters.JUnitXMLReporter -->
<testsuite ignored="1" hostname="IN-5CG13129PF" failures="0" tests="1" name="Check how workflow works" time="10.277" errors="0" timestamp="2021-12-14T15:51:56 IST">
  <testcase classname="google.seleniumtest.App" name="openGooglepage" time="2.263"/>
  <testcase classname="google.seleniumtest.App" name="typelionel" time="0.0">
    <ignored/>
  </testcase> <!-- typelionel -->
</testsuite> <!-- Check how workflow works -->
