<?xml version="1.0" encoding="UTF-8"?>
<!-- Generated by org.testng.reporters.JUnitXMLReporter -->
<testsuite ignored="1" hostname="IN-5CG13129PF" failures="0" tests="1" name="workingofreport" time="14.811" errors="0" timestamp="2022-01-31T09:54:37 IST">
  <testcase classname="google.seleniumtest.TestCaseusingby" name="openGooglepage" time="4.243"/>
  <testcase classname="google.seleniumtest.TestCaseusingby" name="typelionel" time="0.0">
    <ignored/>
  </testcase> <!-- typelionel -->
</testsuite> <!-- workingofreport -->
