<?xml version="1.0" encoding="UTF-8"?>
<testng-results ignored="1" total="2" passed="1" failed="0" skipped="0">
  <reporter-output>
  </reporter-output>
  <suite started-at="2022-04-02T11:01:52 IST" name="Default suite" finished-at="2022-04-02T11:02:05 IST" duration-ms="12793">
    <groups>
    </groups>
    <test started-at="2022-04-02T11:01:52 IST" name="Default test" finished-at="2022-04-02T11:02:05 IST" duration-ms="12793">
      <class name="google.seleniumtest.TestCaseUsingXml">
        <test-method is-config="true" signature="beforeSuite(org.testng.ITestContext)[pri:0, instance:google.seleniumtest.TestCaseUsingXml@5f058f00]" started-at="2022-04-02T11:01:52 IST" name="beforeSuite" finished-at="2022-04-02T11:01:52 IST" duration-ms="180" status="PASS">
          <params>
            <param index="0">
              <value>
                <![CDATA[org.testng.TestRunner@41f4fe5]]>
              </value>
            </param>
          </params>
          <reporter-output>
          </reporter-output>
        </test-method> <!-- beforeSuite -->
        <test-method is-config="true" signature="beforeTest(org.testng.ITestContext)[pri:0, instance:google.seleniumtest.TestCaseUsingXml@5f058f00]" started-at="2022-04-02T11:01:52 IST" name="beforeTest" finished-at="2022-04-02T11:01:52 IST" duration-ms="9" status="PASS">
          <params>
            <param index="0">
              <value>
                <![CDATA[org.testng.TestRunner@41f4fe5]]>
              </value>
            </param>
          </params>
          <reporter-output>
          </reporter-output>
        </test-method> <!-- beforeTest -->
        <test-method is-config="true" signature="browserInitilization(org.testng.ITestContext)[pri:0, instance:google.seleniumtest.TestCaseUsingXml@5f058f00]" started-at="2022-04-02T11:01:52 IST" name="browserInitilization" finished-at="2022-04-02T11:01:52 IST" duration-ms="2" status="PASS">
          <params>
            <param index="0">
              <value>
                <![CDATA[org.testng.TestRunner@41f4fe5]]>
              </value>
            </param>
          </params>
          <reporter-output>
          </reporter-output>
        </test-method> <!-- browserInitilization -->
        <test-method is-config="true" signature="beforeMethod(java.lang.reflect.Method,org.testng.ITestContext)[pri:0, instance:google.seleniumtest.TestCaseUsingXml@5f058f00]" started-at="2022-04-02T11:01:52 IST" name="beforeMethod" finished-at="2022-04-02T11:01:56 IST" duration-ms="4179" status="PASS">
          <params>
            <param index="0">
              <value>
                <![CDATA[public void google.seleniumtest.TestCaseUsingXml.openGooglepage() throws java.lang.InterruptedException,java.awt.AWTException]]>
              </value>
            </param>
            <param index="1">
              <value>
                <![CDATA[org.testng.TestRunner@41f4fe5]]>
              </value>
            </param>
          </params>
          <reporter-output>
          </reporter-output>
        </test-method> <!-- beforeMethod -->
        <test-method signature="openGooglepage()[pri:1, instance:google.seleniumtest.TestCaseUsingXml@5f058f00]" started-at="2022-04-02T11:01:56 IST" name="openGooglepage" description=" Testing the workflow at testmethod by typing vivek" finished-at="2022-04-02T11:02:03 IST" duration-ms="6837" status="PASS">
          <reporter-output>
          </reporter-output>
        </test-method> <!-- openGooglepage -->
        <test-method is-config="true" signature="afterMethod(org.testng.ITestResult)[pri:0, instance:google.seleniumtest.TestCaseUsingXml@5f058f00]" started-at="2022-04-02T11:02:03 IST" name="afterMethod" finished-at="2022-04-02T11:02:05 IST" duration-ms="1716" status="PASS">
          <params>
            <param index="0">
              <value>
                <![CDATA[[TestResult name=openGooglepage status=SUCCESS method=TestCaseUsingXml.openGooglepage()[pri:1, instance:google.seleniumtest.TestCaseUsingXml@5f058f00] output={null}]]]>
              </value>
            </param>
          </params>
          <reporter-output>
          </reporter-output>
        </test-method> <!-- afterMethod -->
        <test-method is-config="true" signature="afterClass()[pri:0, instance:google.seleniumtest.TestCaseUsingXml@5f058f00]" started-at="2022-04-02T11:02:05 IST" name="afterClass" finished-at="2022-04-02T11:02:05 IST" duration-ms="1" status="PASS">
          <reporter-output>
          </reporter-output>
        </test-method> <!-- afterClass -->
        <test-method is-config="true" signature="afterSuite()[pri:0, instance:google.seleniumtest.TestCaseUsingXml@5f058f00]" started-at="2022-04-02T11:02:05 IST" name="afterSuite" finished-at="2022-04-02T11:02:05 IST" duration-ms="529" status="PASS">
          <reporter-output>
          </reporter-output>
        </test-method> <!-- afterSuite -->
      </class> <!-- google.seleniumtest.TestCaseUsingXml -->
    </test> <!-- Default test -->
  </suite> <!-- Default suite -->
</testng-results>
